2026-03-01T09:14:22Z INFO  Starting auth service on port 8080
2026-03-01T09:14:23Z INFO  SessionStore initialised
2026-03-01T09:14:45Z INFO  Session created for user u_4821
2026-03-01T09:15:02Z INFO  Session created for user u_9934
2026-03-01T09:18:44Z WARNING Session expired for token a3f9b1c2...
2026-03-01T09:18:44Z ERROR  TypeError: 'NoneType' object is not subscriptable
  File "src/auth/session.py", line 31, in get_session
    if session["expires_at"] < time.time():
2026-03-01T09:18:44Z ERROR  Traceback (most recent call last):
  File "src/auth/session.py", line 42, in validate_token
    return session["user_id"] is not None
AttributeError: 'NoneType' object has no attribute '__getitem__'
2026-03-01T09:18:45Z ERROR  Request failed: GET /api/v1/profile — 500 Internal Server Error
2026-03-01T09:19:01Z INFO  Session created for user u_1122
2026-03-01T10:02:17Z WARNING Connection timeout: payments-service:5432 after 30000ms
2026-03-01T10:02:17Z ERROR  sqlalchemy.exc.OperationalError: (psycopg2.OperationalError) could not connect to server
  connection to server at "payments-service" (10.0.1.44), port 5432 failed:
  Connection timed out
2026-03-01T10:02:17Z ERROR  Payments DB connection pool exhausted. Retry 1/3
2026-03-01T10:02:47Z ERROR  Payments DB connection pool exhausted. Retry 2/3
2026-03-01T10:03:17Z ERROR  Payments DB connection pool exhausted. Retry 3/3 — giving up
2026-03-01T10:03:17Z ERROR  Request failed: POST /api/v1/payment — 503 Service Unavailable
2026-03-01T10:15:00Z INFO  Session created for user u_7761
2026-03-01T11:22:33Z WARNING Session expired for token 9d2e4a11...
2026-03-01T11:22:33Z ERROR  TypeError: 'NoneType' object is not subscriptable
  File "src/auth/session.py", line 31, in get_session
    if session["expires_at"] < time.time():
2026-03-01T11:22:33Z ERROR  Traceback (most recent call last):
  File "src/auth/session.py", line 42, in validate_token
    return session["user_id"] is not None
AttributeError: 'NoneType' object has no attribute '__getitem__'
2026-03-01T11:22:34Z ERROR  Request failed: GET /api/v1/orders — 500 Internal Server Error
2026-03-01T14:08:51Z INFO  Deployment: v1.4.2 → v1.4.3
2026-03-01T14:08:52Z INFO  SessionStore reinitialised — all active sessions cleared
2026-03-01T14:09:10Z INFO  Service healthy
2026-03-02T08:44:19Z WARNING Connection timeout: auth-db:5432 after 30000ms
2026-03-02T08:44:19Z ERROR  sqlalchemy.exc.OperationalError: could not connect to server at "auth-db" (10.0.0.12), port 5432
2026-03-02T08:44:19Z ERROR  Auth DB connection failed — falling back to read replica
2026-03-02T08:44:20Z INFO  Failover to read replica: auth-db-replica:5432
2026-03-02T08:44:21Z INFO  Service resumed on read replica
